SF:lib\src\app.dart
DA:6,1
DA:8,1
DA:10,2
DA:11,1
DA:15,1
DA:16,1
DA:20,1
LF:7
LH:7
end_of_record
SF:lib\src\common_widgets\infinite_list_view.dart
DA:20,2
DA:29,0
DA:30,0
DA:36,2
DA:38,4
DA:39,0
DA:42,2
DA:43,4
DA:44,2
DA:45,4
DA:46,0
DA:47,0
DA:50,0
DA:53,4
LF:14
LH:8
end_of_record
SF:lib\src\common_widgets\section.dart
DA:22,5
DA:30,5
DA:31,5
DA:34,5
DA:36,5
DA:37,10
DA:38,15
DA:44,5
DA:46,5
DA:48,15
DA:50,10
DA:52,5
LF:12
LH:12
end_of_record
SF:lib\src\common_widgets\space_divider.dart
DA:9,13
DA:11,13
DA:13,0
DA:15,0
DA:17,7
DA:19,7
DA:20,7
LF:7
LH:5
end_of_record
SF:lib\src\features\albums\data\constants\fake_albums_list.dart
DA:3,15
DA:4,5
DA:11,5
DA:18,5
DA:25,5
DA:32,5
LF:6
LH:6
end_of_record
SF:lib\src\features\albums\domain\album.dart
DA:48,8
DA:68,0
DA:87,0
DA:88,0
DA:89,0
DA:90,0
DA:91,0
DA:92,0
DA:93,0
DA:94,0
DA:95,0
DA:96,0
DA:97,0
DA:98,0
DA:99,0
DA:100,0
DA:101,0
DA:102,0
DA:103,0
DA:104,0
DA:108,0
DA:109,0
DA:110,0
DA:111,0
DA:112,0
DA:113,0
DA:114,0
DA:115,0
DA:116,0
DA:117,0
DA:118,0
DA:119,0
DA:120,0
DA:121,0
DA:122,0
DA:123,0
DA:124,0
DA:125,0
DA:126,0
DA:130,0
DA:131,0
DA:132,0
DA:133,0
DA:135,0
DA:136,0
DA:137,0
DA:139,0
DA:141,0
DA:142,0
DA:143,0
DA:144,0
DA:145,0
DA:149,0
DA:150,0
DA:152,0
DA:153,0
DA:154,0
DA:155,0
DA:159,0
DA:160,0
DA:161,0
DA:162,0
DA:167,0
DA:169,0
DA:170,0
DA:171,0
DA:173,0
DA:174,0
DA:175,0
DA:176,0
DA:180,0
DA:181,0
DA:182,0
DA:183,0
DA:187,0
DA:188,0
DA:189,0
DA:190,0
DA:197,0
DA:199,0
DA:200,0
DA:202,0
DA:204,0
DA:207,0
DA:211,0
DA:212,0
DA:213,0
DA:214,0
DA:215,0
DA:216,0
DA:217,0
DA:218,0
DA:219,0
DA:220,0
DA:221,0
DA:222,0
DA:223,0
DA:224,0
DA:225,0
DA:226,0
DA:227,0
DA:230,0
DA:232,0
DA:233,0
DA:234,0
DA:235,0
DA:236,0
DA:237,0
DA:238,0
DA:239,0
DA:240,0
DA:241,0
DA:242,0
DA:243,0
DA:244,0
DA:245,0
DA:246,0
DA:247,0
DA:248,0
DA:257,1
DA:264,0
DA:270,0
DA:271,0
DA:272,0
DA:273,0
DA:274,0
DA:278,0
DA:279,0
DA:280,0
DA:281,0
DA:282,0
DA:283,0
DA:287,0
DA:288,0
DA:289,0
DA:290,0
DA:291,0
DA:292,0
DA:296,0
DA:298,0
DA:299,0
DA:301,0
DA:303,0
DA:306,0
DA:310,0
DA:311,0
DA:312,0
DA:313,0
DA:316,0
DA:318,0
DA:327,0
DA:334,0
DA:340,0
DA:341,0
DA:342,0
DA:343,0
DA:344,0
DA:348,0
DA:349,0
DA:350,0
DA:351,0
DA:352,0
DA:353,0
DA:357,0
DA:358,0
DA:359,0
DA:360,0
DA:361,0
DA:362,0
DA:366,0
DA:368,0
DA:369,0
DA:371,0
DA:373,0
DA:376,0
DA:380,0
DA:381,0
DA:382,0
DA:383,0
DA:386,0
DA:388,0
DA:389,0
DA:390,0
DA:391,0
LF:184
LH:2
end_of_record
SF:lib\src\features\albums\presentation\album_card\album_card.dart
DA:20,5
DA:26,5
DA:28,5
DA:29,5
DA:30,5
DA:31,5
DA:34,5
DA:35,5
DA:36,5
DA:40,5
DA:42,5
DA:43,10
DA:48,5
DA:50,5
DA:51,10
DA:52,15
DA:57,5
DA:59,5
DA:60,10
DA:61,15
LF:20
LH:20
end_of_record
SF:lib\src\common_widgets\custom_network_image.dart
DA:21,31
DA:31,10
DA:33,10
DA:34,10
DA:35,10
DA:36,10
DA:37,10
DA:38,20
DA:39,0
LF:9
LH:8
end_of_record
SF:lib\src\features\albums\presentation\album_card\album_card_placeholder.dart
DA:5,13
DA:7,0
DA:9,0
LF:3
LH:1
end_of_record
SF:lib\src\features\albums\presentation\album_tile\album_tile.dart
DA:16,1
DA:22,1
DA:24,1
DA:25,1
DA:26,1
DA:29,1
DA:30,2
DA:34,3
DA:35,3
LF:9
LH:9
end_of_record
SF:lib\src\features\albums\presentation\albums_list\album_list_view.dart
DA:10,5
DA:42,0
DA:43,0
DA:44,0
DA:48,10
DA:49,10
DA:50,0
DA:53,5
DA:55,10
DA:56,0
DA:59,10
DA:60,0
DA:61,0
DA:62,0
DA:63,0
DA:67,5
DA:71,5
DA:73,5
DA:74,10
DA:76,5
LF:20
LH:11
end_of_record
SF:lib\src\features\albums\presentation\albums_list\album_placeholder_list_view.dart
DA:5,13
DA:17,0
DA:19,0
DA:21,0
DA:22,0
DA:24,0
LF:6
LH:1
end_of_record
SF:lib\src\features\artists\data\constants\fake_artist_detail.dart
DA:10,3
DA:18,1
DA:25,1
DA:26,1
DA:28,1
DA:32,1
DA:33,1
DA:34,1
LF:8
LH:8
end_of_record
SF:lib\src\features\artists\data\constants\fake_artist_link_list.dart
DA:5,3
DA:6,1
DA:8,1
DA:15,1
DA:17,1
DA:24,1
DA:26,1
LF:7
LH:7
end_of_record
SF:lib\src\features\artists\domain\artist.dart
DA:42,8
DA:59,0
DA:75,0
DA:76,0
DA:77,0
DA:78,0
DA:79,0
DA:80,0
DA:81,0
DA:82,0
DA:83,0
DA:84,0
DA:85,0
DA:86,0
DA:87,0
DA:88,0
DA:89,0
DA:93,0
DA:94,0
DA:95,0
DA:96,0
DA:97,0
DA:98,0
DA:99,0
DA:100,0
DA:101,0
DA:102,0
DA:103,0
DA:104,0
DA:105,0
DA:106,0
DA:107,0
DA:108,0
DA:112,0
DA:113,0
DA:114,0
DA:115,0
DA:116,0
DA:117,0
DA:120,0
DA:121,0
DA:123,0
DA:125,0
DA:126,0
DA:127,0
DA:129,0
DA:130,0
DA:132,0
DA:133,0
DA:135,0
DA:136,0
DA:137,0
DA:138,0
DA:142,0
DA:143,0
DA:144,0
DA:145,0
DA:149,0
DA:150,0
DA:151,0
DA:152,0
DA:156,0
DA:157,0
DA:158,0
DA:159,0
DA:166,0
DA:168,0
DA:169,0
DA:171,0
DA:173,0
DA:176,0
DA:180,0
DA:181,0
DA:182,0
DA:183,0
DA:184,0
DA:185,0
DA:186,0
DA:187,0
DA:188,0
DA:189,0
DA:190,0
DA:191,0
DA:192,0
DA:193,0
DA:196,0
DA:198,0
DA:199,0
DA:200,0
DA:201,0
DA:202,0
DA:203,0
DA:204,0
DA:205,0
DA:206,0
DA:207,0
DA:208,0
DA:209,0
DA:210,0
DA:211,0
DA:216,0
DA:218,0
LF:102
LH:1
end_of_record
SF:lib\src\features\artists\domain\artist_relations.dart
DA:15,1
DA:22,0
DA:28,0
DA:29,0
DA:30,0
DA:31,0
DA:32,0
DA:36,0
DA:37,0
DA:38,0
DA:39,0
DA:40,0
DA:41,0
DA:45,0
DA:46,0
DA:47,0
DA:48,0
DA:49,0
DA:52,0
DA:53,0
DA:54,0
DA:57,0
DA:58,0
DA:59,0
DA:62,0
DA:63,0
DA:64,0
DA:70,0
DA:72,0
DA:73,0
DA:75,0
DA:77,0
DA:80,0
DA:84,0
DA:85,0
DA:86,0
DA:87,0
DA:90,0
DA:92,0
DA:93,0
DA:94,0
DA:95,0
LF:42
LH:1
end_of_record
SF:lib\src\features\entries\domain\main_picture.dart
DA:10,2
DA:18,0
DA:25,0
DA:26,0
DA:27,0
DA:28,0
DA:29,0
DA:30,0
DA:34,0
DA:35,0
DA:36,0
DA:37,0
DA:38,0
DA:39,0
DA:40,0
DA:44,0
DA:45,0
DA:46,0
DA:48,0
DA:49,0
DA:51,0
DA:53,0
DA:57,0
DA:59,0
DA:60,0
DA:62,0
DA:64,0
DA:67,0
DA:71,0
DA:72,0
DA:73,0
DA:74,0
DA:75,0
DA:78,0
DA:80,0
DA:81,0
DA:82,0
DA:83,0
DA:84,0
LF:39
LH:1
end_of_record
SF:lib\src\features\tags\data\constants\fake_tags_usage_list.dart
DA:4,6
DA:5,2
DA:7,2
DA:13,2
DA:15,2
DA:21,2
DA:23,2
LF:7
LH:7
end_of_record
SF:lib\src\features\weblinks\data\constants\fake_web_links_list.dart
DA:3,9
LF:1
LH:1
end_of_record
SF:lib\src\features\artists\domain\artist_link.dart
DA:13,1
DA:18,0
DA:22,0
DA:23,0
DA:24,0
DA:28,0
DA:29,0
DA:30,0
DA:31,0
DA:35,0
DA:36,0
DA:37,0
DA:38,0
DA:42,0
DA:44,0
DA:45,0
DA:47,0
DA:48,0
DA:50,0
DA:54,0
DA:57,0
DA:58,0
DA:62,0
DA:63,0
LF:24
LH:1
end_of_record
SF:lib\src\features\artists\presentation\artist_detail_screen\artist_additional_info.dart
DA:6,1
DA:10,0
DA:12,0
DA:13,0
DA:14,0
DA:15,0
DA:16,0
DA:18,0
DA:20,0
DA:22,0
DA:24,0
DA:26,0
DA:28,0
LF:13
LH:1
end_of_record
SF:lib\src\common_widgets\text_info_tile.dart
DA:4,0
DA:10,0
DA:12,0
DA:13,0
DA:14,0
DA:15,0
DA:16,0
LF:7
LH:0
end_of_record
SF:lib\src\features\artists\presentation\artist_detail_screen\artist_detail_button_bar.dart
DA:5,13
DA:7,1
DA:9,1
DA:11,1
DA:12,1
DA:13,0
DA:14,1
DA:15,1
DA:17,1
DA:25,1
DA:26,0
DA:27,1
DA:28,1
DA:30,1
DA:38,1
DA:39,0
DA:40,1
DA:41,1
DA:43,1
LF:19
LH:16
end_of_record
SF:lib\src\features\artists\presentation\artist_detail_screen\artist_detail_screen.dart
DA:14,1
DA:18,1
DA:20,1
DA:22,1
DA:23,1
DA:24,1
DA:25,1
DA:28,1
DA:29,1
DA:31,0
DA:33,1
DA:35,0
DA:38,1
DA:40,2
DA:41,1
DA:42,1
DA:43,2
DA:44,1
DA:45,1
DA:46,1
DA:49,1
DA:50,1
DA:62,1
DA:63,1
DA:64,1
DA:66,1
DA:67,1
DA:68,1
DA:69,3
DA:71,1
DA:72,0
DA:73,0
DA:75,0
DA:76,0
DA:78,0
DA:79,0
DA:80,0
DA:81,0
DA:82,0
DA:85,0
DA:86,0
DA:92,0
DA:93,0
DA:94,0
DA:97,0
DA:104,1
DA:106,1
DA:107,1
DA:110,3
DA:116,1
DA:119,1
DA:121,1
DA:122,1
DA:128,1
DA:129,1
DA:131,1
DA:134,2
DA:136,2
LF:58
LH:41
end_of_record
SF:lib\src\features\artists\presentation\artist_detail_screen\artist_relations_view.dart
DA:8,1
DA:12,1
DA:14,1
DA:15,1
DA:16,1
DA:18,1
DA:20,2
DA:21,0
DA:25,1
DA:27,1
DA:29,2
DA:30,0
DA:34,1
DA:36,1
DA:38,2
DA:39,0
DA:43,1
DA:45,1
DA:47,2
DA:48,0
LF:20
LH:16
end_of_record
SF:lib\src\features\artists\presentation\artists_list\artist_link_list_view.dart
DA:15,1
DA:21,0
DA:22,0
DA:24,0
DA:27,0
DA:29,0
DA:30,0
DA:31,0
DA:37,0
DA:38,0
DA:39,0
DA:43,0
DA:44,0
DA:45,0
DA:46,0
DA:47,0
DA:48,0
DA:54,0
DA:56,0
DA:58,0
LF:20
LH:1
end_of_record
SF:lib\src\features\tags\presentation\tag_widgets\tag_usage_group_view.dart
DA:20,3
DA:27,3
DA:29,3
DA:35,0
DA:36,0
DA:37,0
DA:41,3
DA:42,3
DA:43,6
DA:44,0
DA:45,0
DA:49,3
DA:51,3
DA:53,9
DA:54,3
DA:55,18
DA:56,0
DA:57,0
DA:58,0
DA:59,0
DA:60,0
DA:61,0
DA:62,0
DA:65,15
DA:68,3
DA:69,9
DA:70,3
LF:27
LH:15
end_of_record
SF:lib\src\features\weblinks\presentation\web_link_group_view.dart
DA:11,4
DA:13,1
DA:14,1
DA:16,2
DA:17,2
DA:19,1
DA:20,1
DA:23,3
DA:26,1
DA:27,1
DA:30,3
DA:36,1
DA:37,1
DA:40,1
DA:42,2
DA:44,1
DA:45,1
LF:17
LH:17
end_of_record
SF:lib\src\features\songs\presentation\songs_list\songs_list_view.dart
DA:10,6
DA:46,4
DA:48,8
DA:49,4
DA:50,0
DA:54,10
DA:55,10
DA:56,0
DA:59,6
DA:61,12
DA:62,0
DA:65,12
DA:66,2
DA:67,4
DA:68,2
DA:69,2
DA:73,5
DA:77,5
DA:79,5
DA:80,10
DA:82,5
LF:21
LH:18
end_of_record
SF:lib\src\features\artists\presentation\artist_tile\artist_tile.dart
DA:7,3
DA:17,3
DA:19,3
DA:20,3
DA:21,3
DA:24,3
DA:25,3
DA:27,3
DA:28,6
DA:34,9
DA:35,9
LF:11
LH:11
end_of_record
SF:lib\src\features\songs\domain\song.dart
DA:14,32
DA:71,0
DA:91,0
DA:92,0
DA:93,0
DA:94,0
DA:95,0
DA:96,0
DA:97,0
DA:98,0
DA:99,0
DA:100,0
DA:101,0
DA:102,0
DA:103,0
DA:104,0
DA:105,0
DA:106,0
DA:107,0
DA:108,0
DA:109,0
DA:113,0
DA:114,0
DA:115,0
DA:116,0
DA:117,0
DA:118,0
DA:119,0
DA:120,0
DA:121,0
DA:122,0
DA:123,0
DA:124,0
DA:125,0
DA:126,0
DA:127,0
DA:128,0
DA:129,0
DA:130,0
DA:131,0
DA:132,0
DA:136,0
DA:137,0
DA:138,0
DA:139,0
DA:141,0
DA:142,0
DA:143,0
DA:145,0
DA:146,0
DA:147,0
DA:150,0
DA:152,0
DA:154,0
DA:156,0
DA:158,0
DA:159,0
DA:160,0
DA:161,0
DA:162,0
DA:166,0
DA:167,0
DA:168,0
DA:169,0
DA:173,0
DA:174,0
DA:175,0
DA:176,0
DA:180,0
DA:181,0
DA:182,0
DA:183,0
DA:187,0
DA:188,0
DA:189,0
DA:190,0
DA:194,0
DA:195,0
DA:196,0
DA:197,0
DA:204,0
DA:206,0
DA:207,0
DA:209,0
DA:211,0
DA:214,0
DA:218,0
DA:219,0
DA:220,0
DA:221,0
DA:222,0
DA:223,0
DA:224,0
DA:225,0
DA:226,0
DA:227,0
DA:228,0
DA:229,0
DA:230,0
DA:231,0
DA:232,0
DA:233,0
DA:234,0
DA:235,0
DA:238,0
DA:240,0
DA:241,0
DA:242,0
DA:243,0
DA:244,0
DA:245,0
DA:246,0
DA:247,0
DA:248,0
DA:249,0
DA:250,0
DA:251,0
DA:252,0
DA:253,0
DA:254,0
DA:255,0
DA:256,0
DA:257,0
DA:262,1
DA:263,5
LF:125
LH:3
end_of_record
SF:lib\src\features\songs\presentation\song_card\song_card.dart
DA:19,5
DA:21,5
DA:23,5
DA:24,5
DA:25,5
DA:26,5
DA:29,5
DA:30,5
DA:31,5
DA:32,10
DA:35,5
DA:37,15
DA:38,15
DA:43,5
DA:45,15
DA:46,15
DA:51,5
DA:52,5
DA:53,5
DA:54,10
DA:56,15
DA:58,0
LF:22
LH:21
end_of_record
SF:lib\src\features\songs\presentation\song_card\song_card_image.dart
DA:11,5
DA:18,5
DA:20,5
DA:21,5
DA:22,5
DA:26,5
DA:28,5
DA:29,5
LF:8
LH:8
end_of_record
SF:lib\src\features\songs\presentation\song_type_icon\song_type_icon.dart
DA:21,7
DA:23,7
DA:25,14
DA:27,7
DA:28,7
DA:30,14
LF:6
LH:6
end_of_record
SF:lib\src\features\songs\presentation\song_card\song_card_placeholder.dart
DA:5,13
DA:7,0
DA:9,0
LF:3
LH:1
end_of_record
SF:lib\src\features\songs\presentation\song_tile\song_tile.dart
DA:25,3
DA:32,3
DA:34,3
DA:35,3
DA:36,3
DA:38,3
DA:39,3
DA:40,3
DA:42,3
DA:44,3
DA:46,3
DA:48,9
DA:49,3
DA:50,6
DA:56,3
DA:57,3
DA:59,3
DA:62,3
DA:63,9
DA:64,9
DA:67,9
DA:69,3
DA:70,3
DA:71,3
DA:72,6
DA:74,9
DA:76,1
LF:27
LH:27
end_of_record
SF:lib\src\features\songs\presentation\songs_list\song_placeholder_list_view.dart
DA:5,13
DA:14,0
DA:16,0
DA:18,0
DA:19,0
DA:21,0
LF:6
LH:1
end_of_record
SF:lib\src\common_widgets\simple_dropdown_input.dart
DA:13,0
DA:21,0
DA:23,0
DA:24,0
DA:25,0
DA:26,0
DA:27,0
DA:28,0
DA:30,0
DA:31,0
DA:32,0
DA:33,0
DA:34,0
DA:37,0
DA:48,54
LF:15
LH:1
end_of_record
SF:lib\src\features\albums\data\constants\fake_album_detail.dart
DA:11,3
DA:18,1
DA:19,1
DA:20,1
DA:24,1
DA:31,1
DA:36,1
DA:43,1
DA:48,1
DA:56,1
DA:75,1
DA:81,1
DA:82,1
DA:83,1
DA:93,1
DA:104,1
DA:107,0
DA:113,0
DA:114,0
DA:115,0
DA:120,0
DA:126,0
DA:127,0
DA:128,0
DA:139,0
DA:150,0
LF:26
LH:16
end_of_record
SF:lib\src\features\albums\domain\track.dart
DA:13,1
DA:20,0
DA:26,0
DA:27,0
DA:28,0
DA:29,0
DA:30,0
DA:34,0
DA:35,0
DA:36,0
DA:37,0
DA:38,0
DA:39,0
DA:43,0
DA:44,0
DA:45,0
DA:46,0
DA:47,0
DA:48,0
DA:52,0
DA:54,0
DA:55,0
DA:57,0
DA:59,0
DA:62,0
DA:66,0
DA:67,0
DA:68,0
DA:69,0
DA:72,0
DA:74,0
DA:75,0
DA:76,0
DA:77,0
DA:82,3
DA:83,2
LF:36
LH:3
end_of_record
SF:lib\src\features\artists\domain\artist_role.dart
DA:7,5
DA:28,0
DA:36,0
DA:37,0
DA:38,0
DA:39,0
DA:40,0
DA:41,0
DA:42,0
DA:46,0
DA:47,0
DA:48,0
DA:49,0
DA:50,0
DA:51,0
DA:52,0
DA:53,0
DA:57,0
DA:58,0
DA:59,0
DA:60,0
DA:62,0
DA:63,0
DA:64,0
DA:66,0
DA:67,0
DA:71,0
DA:73,0
DA:74,0
DA:76,0
DA:78,0
DA:81,0
DA:85,0
DA:86,0
DA:87,0
DA:88,0
DA:89,0
DA:90,0
DA:93,0
DA:95,0
DA:96,0
DA:97,0
DA:98,0
DA:99,0
DA:100,0
DA:105,1
DA:106,3
DA:108,3
DA:110,3
DA:112,0
DA:114,0
DA:116,3
DA:120,0
DA:121,0
DA:122,0
DA:123,0
LF:56
LH:6
end_of_record
SF:lib\src\features\pvs\domain\pv.dart
DA:5,24
DA:23,0
DA:30,0
DA:31,0
DA:32,0
DA:33,0
DA:34,0
DA:35,0
DA:39,0
DA:40,0
DA:41,0
DA:42,0
DA:43,0
DA:44,0
DA:45,0
DA:49,0
DA:50,0
DA:51,0
DA:52,0
DA:53,0
DA:54,0
DA:55,0
DA:59,0
DA:61,0
DA:62,0
DA:64,0
DA:66,0
DA:69,0
DA:73,0
DA:74,0
DA:75,0
DA:76,0
DA:77,0
DA:80,0
DA:82,0
DA:83,0
DA:84,0
DA:85,0
DA:86,0
LF:39
LH:1
end_of_record
SF:lib\src\features\tags\domain\tag_usage.dart
DA:7,6
DA:16,0
DA:20,0
DA:21,0
DA:22,0
DA:26,0
DA:27,0
DA:28,0
DA:29,0
DA:33,0
DA:34,0
DA:35,0
DA:36,0
DA:40,0
DA:42,0
DA:43,0
DA:45,0
DA:46,0
DA:48,0
DA:52,0
DA:55,0
DA:56,0
LF:22
LH:1
end_of_record
SF:lib\src\features\weblinks\domain\web_link.dart
DA:10,24
DA:17,0
DA:23,0
DA:24,0
DA:25,0
DA:26,0
DA:27,0
DA:31,0
DA:32,0
DA:33,0
DA:34,0
DA:35,0
DA:36,0
DA:40,0
DA:41,0
DA:42,0
DA:43,0
DA:44,0
DA:45,0
DA:49,0
DA:51,0
DA:52,0
DA:54,0
DA:56,0
DA:59,0
DA:63,0
DA:64,0
DA:65,0
DA:66,0
DA:69,0
DA:71,0
DA:72,0
DA:73,0
DA:74,0
DA:79,1
DA:80,5
DA:81,1
DA:83,1
DA:84,5
DA:85,5
LF:40
LH:7
end_of_record
SF:lib\src\features\albums\presentation\album_detail_screen\album_additional_info.dart
DA:6,1
DA:13,0
DA:15,0
DA:16,0
DA:17,0
DA:18,0
DA:19,0
DA:21,0
DA:23,0
DA:25,0
DA:27,0
DA:29,0
DA:31,0
LF:13
LH:1
end_of_record
SF:lib\src\features\albums\presentation\album_detail_screen\album_collection_edit_modal.dart
DA:9,0
DA:11,0
DA:12,0
DA:14,0
DA:16,0
DA:18,0
DA:19,0
DA:21,0
DA:24,0
DA:25,0
DA:26,0
DA:27,0
DA:30,0
DA:40,0
DA:43,0
DA:54,0
DA:61,0
DA:65,0
DA:66,0
DA:72,0
DA:73,0
DA:74,0
LF:22
LH:0
end_of_record
SF:lib\src\features\albums\presentation\album_detail_screen\album_detail_button_bar.dart
DA:6,14
DA:8,1
DA:10,1
DA:12,1
DA:13,1
DA:14,0
DA:15,0
DA:17,0
DA:20,1
DA:21,1
DA:23,1
DA:31,1
DA:32,0
DA:33,1
DA:34,1
DA:36,1
DA:44,1
DA:45,0
DA:46,1
DA:47,1
DA:49,1
LF:21
LH:16
end_of_record
SF:lib\src\features\albums\presentation\album_detail_screen\album_detail_screen.dart
DA:16,1
DA:19,1
DA:21,1
DA:22,1
DA:24,1
DA:25,1
DA:26,1
DA:27,1
DA:29,2
DA:30,1
DA:31,1
DA:33,0
DA:35,1
DA:37,0
DA:41,1
DA:42,1
DA:43,1
DA:45,1
DA:48,1
DA:49,1
DA:54,1
DA:57,1
DA:59,1
DA:60,1
DA:61,1
DA:62,1
DA:63,2
DA:66,1
DA:68,3
DA:72,1
DA:73,1
DA:74,3
DA:76,1
DA:78,3
DA:85,1
DA:86,1
DA:89,1
DA:90,1
DA:91,3
DA:93,1
DA:94,0
DA:98,1
DA:99,1
DA:100,3
DA:102,2
DA:104,2
DA:106,1
DA:107,1
DA:110,0
DA:113,2
LF:50
LH:46
end_of_record
SF:lib\src\features\albums\presentation\album_detail_screen\album_rating_info.dart
DA:6,1
DA:10,1
DA:12,1
DA:13,1
DA:15,1
DA:16,2
DA:17,3
DA:22,3
DA:24,1
DA:26,1
DA:27,1
DA:28,6
DA:29,3
LF:13
LH:13
end_of_record
SF:lib\src\features\albums\presentation\tracks_list\tracks_list_view.dart
DA:11,1
DA:13,1
DA:14,1
DA:19,1
DA:21,1
DA:23,2
DA:25,2
DA:26,0
DA:27,0
DA:28,0
DA:31,0
DA:34,5
DA:37,1
DA:38,1
LF:14
LH:10
end_of_record
SF:lib\src\features\artists\presentation\artists_list\artist_roles_horizontal_list_view.dart
DA:7,1
DA:18,1
DA:20,1
DA:21,1
DA:22,2
DA:26,1
DA:28,1
DA:30,1
DA:32,1
DA:33,1
DA:34,1
LF:11
LH:11
end_of_record
SF:lib\src\features\pvs\presentation\pv_list\pv_group_list.dart
DA:16,2
DA:23,1
DA:24,1
DA:26,2
DA:28,1
DA:29,1
DA:31,1
DA:32,1
DA:35,3
DA:38,1
DA:39,1
DA:42,3
DA:45,1
DA:46,0
DA:47,0
DA:52,0
DA:54,0
DA:61,1
DA:62,1
DA:64,0
DA:68,1
DA:70,1
DA:71,1
LF:23
LH:18
end_of_record
SF:lib\src\features\albums\presentation\tracks_list\track_tile.dart
DA:9,1
DA:15,1
DA:17,1
DA:18,4
DA:19,1
DA:20,1
DA:21,4
DA:23,4
LF:8
LH:8
end_of_record
SF:lib\src\features\artists\presentation\artists_list\artist_role_card.dart
DA:7,1
DA:14,1
DA:16,1
DA:19,1
DA:20,1
DA:21,1
DA:22,1
DA:24,1
DA:25,3
DA:33,4
DA:35,1
DA:36,2
DA:37,3
LF:13
LH:13
end_of_record
SF:lib\src\features\pvs\domain\pv_list.dart
DA:6,1
DA:8,1
DA:9,6
DA:11,1
DA:12,6
DA:14,7
LF:6
LH:6
end_of_record
SF:lib\src\features\pvs\presentation\pv_list\pv_tile.dart
DA:14,1
DA:16,1
DA:17,3
DA:19,1
DA:20,1
DA:21,1
DA:22,1
DA:24,2
DA:29,1
DA:31,1
DA:32,1
DA:33,3
DA:34,6
DA:35,1
DA:36,1
DA:37,0
DA:38,0
DA:39,0
DA:42,0
LF:19
LH:15
end_of_record
SF:lib\src\features\weblinks\presentation\site_tile.dart
DA:12,1
DA:15,1
DA:16,1
DA:17,1
DA:18,1
DA:19,1
DA:20,1
DA:21,1
DA:22,1
DA:23,1
DA:24,1
DA:25,1
DA:26,1
DA:27,1
DA:28,1
DA:29,1
DA:30,1
DA:31,1
DA:32,1
DA:33,1
DA:34,1
DA:35,1
DA:36,1
DA:37,1
DA:41,5
DA:42,5
DA:47,1
DA:50,0
DA:51,0
DA:53,0
DA:54,0
DA:55,0
DA:60,1
DA:62,1
DA:63,3
DA:64,2
DA:65,2
DA:66,0
LF:38
LH:32
end_of_record
SF:lib\src\utils\icon_site.dart
DA:6,1
DA:8,3
DA:10,1
DA:11,2
DA:17,3
DA:18,1
DA:19,1
DA:20,1
DA:21,1
DA:22,1
DA:23,1
DA:24,1
DA:25,1
DA:26,1
DA:27,1
DA:30,1
DA:31,4
DA:32,2
LF:18
LH:18
end_of_record
SF:lib\src\features\songs\domain\lyric.dart
DA:5,10
DA:26,0
DA:34,0
DA:35,0
DA:36,0
DA:37,0
DA:38,0
DA:39,0
DA:40,0
DA:44,0
DA:45,0
DA:46,0
DA:47,0
DA:48,0
DA:49,0
DA:50,0
DA:51,0
DA:55,0
DA:56,0
DA:57,0
DA:58,0
DA:59,0
DA:60,0
DA:61,0
DA:62,0
DA:66,0
DA:68,0
DA:69,0
DA:71,0
DA:73,0
DA:76,0
DA:80,0
DA:81,0
DA:82,0
DA:83,0
DA:84,0
DA:85,0
DA:88,0
DA:90,0
DA:91,0
DA:92,0
DA:93,0
DA:94,0
DA:95,0
LF:44
LH:1
end_of_record
SF:lib\src\features\tags\domain\tag.dart
DA:31,7
DA:44,0
DA:56,0
DA:57,0
DA:58,0
DA:59,0
DA:60,0
DA:61,0
DA:62,0
DA:63,0
DA:64,0
DA:65,0
DA:66,0
DA:70,0
DA:71,0
DA:72,0
DA:73,0
DA:74,0
DA:75,0
DA:76,0
DA:77,0
DA:78,0
DA:79,0
DA:80,0
DA:81,0
DA:85,0
DA:86,0
DA:87,0
DA:88,0
DA:90,0
DA:92,0
DA:93,0
DA:94,0
DA:96,0
DA:97,0
DA:99,0
DA:100,0
DA:101,0
DA:102,0
DA:106,0
DA:107,0
DA:108,0
DA:109,0
DA:110,0
DA:114,0
DA:115,0
DA:120,0
DA:122,0
DA:123,0
DA:125,0
DA:127,0
DA:130,0
DA:134,0
DA:135,0
DA:136,0
DA:137,0
DA:138,0
DA:139,0
DA:140,0
DA:141,0
DA:142,0
DA:143,0
DA:146,0
DA:148,0
DA:149,0
DA:150,0
DA:151,0
DA:152,0
DA:153,0
DA:154,0
DA:155,0
DA:156,0
DA:157,0
LF:73
LH:1
end_of_record
SF:lib\src\features\tags\presentation\tag_widgets\tag_chip.dart
DA:5,4
DA:25,3
DA:27,6
DA:28,0
DA:31,3
DA:33,3
DA:34,3
DA:35,3
DA:36,6
DA:37,3
DA:38,3
LF:11
LH:10
end_of_record
SF:lib\src\features\weblinks\presentation\web_link_tile.dart
DA:12,1
DA:14,0
DA:15,0
DA:17,0
DA:20,0
DA:21,0
DA:22,0
DA:23,0
DA:24,0
DA:26,0
DA:31,1
DA:33,1
DA:34,2
DA:35,2
LF:14
LH:5
end_of_record
SF:lib\src\common_widgets\alert_dialogs.dart
DA:9,0
DA:16,0
DA:17,0
DA:19,0
DA:20,0
DA:21,0
DA:22,0
DA:24,0
DA:25,0
DA:26,0
DA:28,0
DA:29,0
DA:30,0
DA:36,0
DA:38,0
DA:39,0
DA:40,0
DA:41,0
DA:43,0
DA:44,0
DA:45,0
DA:47,0
DA:48,0
DA:49,0
DA:57,0
DA:62,0
DA:65,0
DA:66,0
DA:69,0
DA:70,0
DA:72,0
LF:31
LH:0
end_of_record
SF:lib\src\localization\string_hardcoded.dart
DA:4,2
LF:1
LH:1
end_of_record
SF:lib\src\common_widgets\primary_button.dart
DA:11,1
DA:16,1
DA:18,1
DA:20,1
DA:21,1
DA:22,1
DA:24,1
DA:25,1
DA:27,1
DA:28,1
DA:29,1
DA:30,1
LF:12
LH:12
end_of_record
SF:lib\src\common_widgets\responsive_center.dart
DA:10,12
DA:20,2
DA:23,2
DA:27,2
DA:28,2
DA:29,2
DA:30,2
DA:31,2
DA:40,0
DA:49,0
DA:51,0
DA:52,0
DA:53,0
DA:54,0
DA:55,0
LF:15
LH:8
end_of_record
SF:lib\src\common_widgets\responsive_scrollable_card.dart
DA:9,1
DA:11,1
DA:13,1
DA:14,1
DA:16,1
DA:18,1
DA:19,1
DA:21,1
LF:8
LH:8
end_of_record
SF:lib\src\features\authentication\data\auth_repository.dart
DA:13,6
DA:14,3
DA:16,9
DA:18,0
DA:19,0
DA:20,0
DA:21,0
DA:28,0
DA:29,0
DA:30,0
DA:34,18
DA:35,3
DA:36,9
DA:40,12
DA:41,6
DA:42,3
LF:16
LH:9
end_of_record
SF:lib\src\features\authentication\domain\app_user.dart
DA:3,14
LF:1
LH:1
end_of_record
SF:lib\src\utils\in_memory_store.dart
DA:6,6
DA:12,6
DA:15,3
DA:18,0
DA:21,9
LF:5
LH:4
end_of_record
SF:lib\src\features\authentication\presentation\account\account_info.dart
DA:11,12
DA:13,1
DA:15,3
DA:16,3
DA:18,1
DA:20,1
DA:21,1
DA:23,1
DA:26,1
DA:27,1
DA:37,1
DA:38,1
DA:39,3
LF:13
LH:13
end_of_record
SF:lib\src\features\authentication\presentation\account\account_screen.dart
DA:13,12
DA:15,1
DA:17,1
DA:18,1
DA:19,0
DA:21,2
DA:22,1
DA:23,1
DA:24,1
DA:26,2
DA:28,1
DA:30,2
DA:33,1
DA:34,1
DA:36,0
DA:37,0
DA:39,0
DA:40,0
DA:41,0
DA:43,0
DA:45,0
DA:46,0
DA:49,1
LF:23
LH:14
end_of_record
SF:lib\src\features\authentication\presentation\account\account_screen_controller.dart
DA:5,1
DA:6,1
DA:9,0
DA:10,0
DA:11,0
DA:15,2
DA:16,1
DA:17,1
DA:18,2
DA:19,1
LF:10
LH:7
end_of_record
SF:lib\src\utils\async_value_ui.dart
DA:7,0
DA:8,0
DA:9,0
DA:11,0
DA:12,0
LF:5
LH:0
end_of_record
SF:lib\src\features\authentication\presentation\sign_in\sign_in_controller.dart
DA:6,1
DA:8,2
DA:11,0
DA:12,0
DA:14,0
DA:15,0
DA:16,0
DA:19,0
DA:20,0
DA:24,2
DA:25,2
DA:26,2
DA:27,1
LF:13
LH:6
end_of_record
SF:lib\src\features\authentication\presentation\sign_in\sign_in_state.dart
DA:17,1
DA:23,3
DA:25,0
DA:28,0
DA:29,0
DA:33,0
DA:34,0
DA:36,0
DA:40,0
DA:43,0
DA:44,0
DA:48,1
DA:49,1
DA:53,1
DA:54,1
DA:57,0
DA:58,0
DA:61,0
DA:62,0
DA:65,0
DA:66,0
DA:69,0
DA:70,0
DA:73,0
DA:74,0
DA:75,0
DA:78,0
DA:79,0
DA:80,0
LF:29
LH:6
end_of_record
SF:lib\src\features\authentication\presentation\sign_in\sign_in_screen.dart
DA:15,12
DA:21,1
DA:23,1
DA:24,1
DA:34,12
DA:40,1
DA:41,1
DA:50,0
DA:51,0
DA:57,1
DA:60,2
DA:61,2
DA:62,2
DA:63,1
DA:66,0
DA:67,0
DA:69,0
DA:70,0
DA:71,0
DA:73,0
DA:78,0
DA:79,0
DA:80,0
DA:84,0
DA:85,0
DA:86,0
DA:89,0
DA:92,1
DA:94,2
DA:95,4
DA:96,0
DA:98,3
DA:99,1
DA:100,1
DA:101,1
DA:102,1
DA:103,1
DA:104,1
DA:106,1
DA:109,1
DA:111,1
DA:112,1
DA:113,1
DA:114,1
DA:117,0
DA:119,0
DA:123,0
DA:127,1
DA:129,1
DA:130,1
DA:131,1
DA:132,1
DA:135,0
DA:137,0
DA:142,0
DA:145,1
DA:146,1
DA:147,1
DA:148,1
LF:59
LH:37
end_of_record
SF:lib\src\features\authentication\presentation\sign_in\string_validators.dart
DA:10,0
DA:13,0
DA:17,0
DA:18,0
DA:19,0
DA:20,0
DA:27,0
DA:34,0
DA:37,0
DA:40,0
DA:41,0
DA:50,0
DA:52,0
DA:57,0
DA:60,0
DA:62,0
LF:16
LH:0
end_of_record
SF:lib\src\routing\app_router.dart
DA:51,3
DA:52,1
DA:53,2
DA:55,1
DA:58,1
DA:59,1
DA:61,2
DA:65,0
DA:72,2
DA:73,1
DA:74,1
DA:76,1
DA:77,1
DA:78,1
DA:79,1
DA:81,1
DA:82,0
DA:83,0
DA:84,0
DA:87,1
DA:89,1
DA:90,0
DA:91,0
DA:92,0
DA:95,1
DA:97,1
DA:98,0
DA:99,0
DA:100,0
DA:103,1
DA:105,1
DA:106,0
DA:107,0
DA:108,0
DA:111,1
DA:113,1
DA:114,0
DA:115,0
DA:116,0
DA:119,1
DA:121,1
DA:122,0
DA:125,1
DA:126,1
DA:128,1
DA:129,0
DA:130,0
DA:137,1
DA:139,1
DA:140,0
DA:143,1
DA:144,1
DA:146,1
DA:147,0
DA:148,0
DA:155,1
DA:157,1
DA:158,0
DA:161,1
DA:162,1
DA:164,1
DA:165,0
DA:166,0
DA:173,1
DA:176,1
DA:177,0
DA:181,1
DA:183,1
DA:184,0
DA:185,0
DA:190,1
DA:192,1
DA:193,0
DA:194,0
DA:198,1
DA:199,1
DA:201,1
DA:202,0
DA:203,0
DA:210,1
DA:212,1
DA:213,0
DA:214,0
DA:219,1
DA:221,1
DA:222,0
DA:223,0
DA:230,1
DA:232,1
DA:233,0
DA:234,0
DA:239,1
DA:241,1
DA:242,0
DA:243,0
LF:95
LH:55
end_of_record
SF:lib\src\common_widgets\info_section.dart
DA:12,1
DA:19,0
DA:21,0
DA:23,0
DA:25,0
DA:26,0
DA:27,0
DA:29,0
DA:30,0
DA:31,0
DA:32,0
DA:34,0
LF:12
LH:1
end_of_record
SF:lib\src\common_widgets\search_appbar.dart
DA:10,2
DA:29,2
DA:30,2
DA:32,2
DA:41,2
DA:43,6
DA:44,2
DA:47,2
DA:49,4
DA:50,2
DA:53,2
DA:55,2
DA:56,2
DA:57,2
DA:58,2
DA:59,1
DA:60,2
DA:61,3
DA:65,6
DA:72,1
DA:73,2
DA:76,2
DA:77,2
DA:78,2
DA:81,1
DA:82,2
DA:83,2
DA:84,3
DA:88,1
DA:91,0
DA:92,0
DA:93,0
DA:97,4
LF:33
LH:30
end_of_record
SF:lib\src\common_widgets\simple_radio_group.dart
DA:4,0
DA:19,0
DA:21,0
DA:22,0
DA:23,0
DA:24,0
DA:26,0
DA:27,0
DA:28,0
DA:29,0
DA:30,0
DA:31,0
DA:32,0
DA:35,0
DA:46,10
LF:15
LH:1
end_of_record
SF:lib\src\common_widgets\text_info_section.dart
DA:15,1
DA:22,1
DA:24,2
DA:25,0
DA:28,1
DA:29,2
DA:30,1
DA:32,1
DA:33,1
DA:34,1
DA:35,3
DA:37,2
DA:38,2
LF:13
LH:12
end_of_record
SF:lib\src\features\albums\data\album_repository.dart
DA:6,3
DA:7,9
DA:9,3
DA:10,3
DA:13,3
DA:14,3
LF:6
LH:6
end_of_record
SF:lib\src\features\albums\data\constants\fake_album_collections.dart
DA:4,0
DA:5,0
LF:2
LH:0
end_of_record
SF:lib\src\features\albums\domain\album_collection.dart
DA:11,0
DA:18,0
DA:24,0
DA:25,0
DA:26,0
DA:27,0
DA:28,0
DA:32,0
DA:33,0
DA:34,0
DA:35,0
DA:36,0
DA:37,0
DA:41,0
DA:42,0
DA:43,0
DA:44,0
DA:45,0
DA:46,0
DA:50,0
DA:52,0
DA:53,0
DA:55,0
DA:57,0
DA:60,0
DA:64,0
DA:65,0
DA:66,0
DA:67,0
DA:70,0
DA:72,0
DA:73,0
DA:74,0
DA:75,0
LF:34
LH:0
end_of_record
SF:lib\src\features\albums\presentation\albums_list\albums_section.dart
DA:10,5
DA:20,4
DA:22,4
DA:23,4
DA:24,4
DA:26,4
DA:27,0
DA:28,0
DA:29,0
DA:30,0
DA:32,0
LF:11
LH:6
end_of_record
SF:lib\src\features\albums\presentation\user_albums\user_albums_filter_screen.dart
DA:8,10
DA:10,0
DA:12,0
DA:13,0
DA:16,0
DA:17,0
DA:18,0
DA:21,0
DA:30,0
DA:33,0
DA:49,0
DA:52,0
LF:12
LH:1
end_of_record
SF:lib\src\features\artists\presentation\artist_input\artist_input.dart
DA:21,20
DA:29,0
DA:30,0
DA:31,0
DA:32,0
DA:33,0
DA:34,0
DA:38,0
DA:43,0
DA:44,0
DA:45,0
DA:46,0
DA:47,0
DA:49,0
DA:51,0
DA:52,0
DA:53,0
DA:60,0
DA:64,0
DA:70,0
DA:72,0
DA:74,0
DA:78,0
DA:79,0
DA:82,0
DA:83,0
DA:88,0
LF:27
LH:1
end_of_record
SF:lib\src\features\tags\presentation\tag_widgets\tag_input.dart
DA:4,40
DA:6,0
DA:8,0
DA:9,0
DA:13,0
DA:14,0
LF:6
LH:1
end_of_record
SF:lib\src\features\albums\presentation\user_albums\user_albums_screen.dart
DA:10,10
DA:12,0
DA:14,0
DA:15,0
DA:16,0
DA:18,0
DA:19,0
DA:21,0
DA:22,0
DA:27,0
DA:28,0
DA:29,0
LF:12
LH:1
end_of_record
SF:lib\src\features\artists\data\constants\fake_artists_list.dart
DA:4,3
DA:5,1
DA:11,1
DA:17,1
LF:4
LH:4
end_of_record
SF:lib\src\features\artists\data\constants\fake_followed_artist.dart
DA:4,0
DA:5,0
LF:2
LH:0
end_of_record
SF:lib\src\features\artists\domain\followed_artist.dart
DA:10,0
DA:15,0
DA:19,0
DA:20,0
DA:21,0
DA:25,0
DA:26,0
DA:27,0
DA:28,0
DA:32,0
DA:33,0
DA:34,0
DA:35,0
DA:39,0
DA:41,0
DA:42,0
DA:44,0
DA:45,0
DA:47,0
DA:51,0
DA:54,0
DA:55,0
LF:22
LH:0
end_of_record
SF:lib\src\features\artists\presentation\artist_tile\artist_role_tile.dart
DA:7,0
DA:17,0
DA:19,0
DA:20,0
DA:21,0
DA:24,0
DA:25,0
DA:27,0
DA:28,0
DA:32,0
DA:33,0
LF:11
LH:0
end_of_record
SF:lib\src\features\artists\presentation\artists_list\artist_list_view.dart
DA:8,0
DA:27,0
DA:29,0
DA:30,0
DA:33,0
DA:34,0
DA:35,0
DA:36,0
DA:37,0
DA:38,0
DA:39,0
DA:43,0
DA:44,0
DA:45,0
LF:14
LH:0
end_of_record
SF:lib\src\features\artists\presentation\artists_list\artist_role_list.dart
DA:9,1
DA:22,1
DA:23,1
DA:24,1
DA:25,1
DA:26,1
DA:28,2
DA:29,2
DA:30,2
DA:31,1
DA:34,1
DA:35,1
DA:36,1
DA:40,3
DA:43,1
DA:44,1
DA:45,1
DA:49,3
DA:52,1
DA:53,0
DA:54,0
DA:58,0
DA:64,1
DA:65,1
DA:66,1
DA:67,0
DA:71,0
DA:72,0
DA:74,0
DA:78,1
DA:80,1
DA:82,1
LF:32
LH:25
end_of_record
SF:lib\src\features\artists\presentation\artists_list\artists_horizontal_list_view.dart
DA:7,1
DA:18,1
DA:20,1
DA:21,1
DA:22,3
DA:24,0
DA:26,1
LF:7
LH:6
end_of_record
SF:lib\src\features\artists\presentation\followed_artists\followed_artists_filter_screen.dart
DA:7,10
DA:9,0
DA:11,0
DA:12,0
DA:15,0
DA:16,0
DA:17,0
DA:20,0
LF:8
LH:1
end_of_record
SF:lib\src\features\artists\presentation\followed_artists\followed_artists_screen.dart
DA:10,10
DA:12,0
DA:14,0
DA:16,0
DA:17,0
DA:19,0
DA:20,0
DA:22,0
DA:23,0
DA:24,0
DA:29,0
DA:30,0
LF:12
LH:1
end_of_record
SF:lib\src\features\authentication\presentation\authenticated_widgets\authenticated_widget.dart
DA:7,2
DA:10,2
DA:12,6
DA:15,2
DA:18,1
LF:5
LH:5
end_of_record
SF:lib\src\features\authentication\presentation\authenticated_widgets\guest_widget.dart
DA:7,2
DA:10,2
DA:12,6
DA:15,1
DA:18,2
LF:5
LH:5
end_of_record
SF:lib\src\features\entries\data\constants\fake_entry_list.dart
DA:3,3
DA:5,1
DA:7,1
DA:11,1
DA:13,1
DA:20,1
DA:22,1
DA:26,1
DA:28,1
DA:34,1
DA:36,1
DA:40,1
DA:42,1
DA:48,1
DA:50,1
DA:54,1
DA:56,1
LF:17
LH:17
end_of_record
SF:lib\src\features\entries\domain\entry.dart
DA:40,1
DA:57,0
DA:73,0
DA:74,0
DA:75,0
DA:76,0
DA:77,0
DA:78,0
DA:79,0
DA:80,0
DA:81,0
DA:82,0
DA:83,0
DA:84,0
DA:85,0
DA:86,0
DA:87,0
DA:93,1
DA:94,1
DA:95,1
DA:96,1
DA:97,1
DA:98,1
DA:99,1
DA:103,1
DA:104,1
DA:105,1
DA:106,1
DA:107,1
DA:108,1
DA:112,1
DA:113,1
DA:114,1
DA:115,1
DA:116,1
DA:117,1
DA:118,1
DA:122,1
DA:123,1
DA:124,1
DA:125,1
DA:126,1
DA:132,1
DA:133,5
DA:134,1
DA:136,1
DA:137,5
DA:138,1
DA:140,1
DA:141,5
DA:142,1
DA:144,2
DA:145,4
DA:146,1
LF:54
LH:38
end_of_record
SF:lib\src\features\releaseEvents\data\domain\release_event.dart
DA:42,5
DA:59,0
DA:75,0
DA:76,0
DA:77,0
DA:78,0
DA:79,0
DA:80,0
DA:81,0
DA:82,0
DA:83,0
DA:84,0
DA:85,0
DA:86,0
DA:87,0
DA:88,0
DA:89,0
DA:93,0
DA:94,0
DA:95,0
DA:96,0
DA:97,0
DA:98,0
DA:99,0
DA:100,0
DA:101,0
DA:102,0
DA:103,0
DA:104,0
DA:105,0
DA:106,0
DA:107,0
DA:108,0
DA:112,0
DA:113,0
DA:114,0
DA:115,0
DA:116,0
DA:117,0
DA:120,0
DA:121,0
DA:122,0
DA:124,0
DA:125,0
DA:127,0
DA:128,0
DA:129,0
DA:130,0
DA:131,0
DA:133,0
DA:134,0
DA:135,0
DA:136,0
DA:140,0
DA:141,0
DA:143,0
DA:144,0
DA:145,0
DA:146,0
DA:150,0
DA:151,0
DA:152,0
DA:153,0
DA:160,0
DA:162,0
DA:163,0
DA:165,0
DA:167,0
DA:170,0
DA:174,0
DA:175,0
DA:176,0
DA:177,0
DA:178,0
DA:179,0
DA:180,0
DA:181,0
DA:182,0
DA:183,0
DA:184,0
DA:185,0
DA:186,0
DA:187,0
DA:190,0
DA:192,0
DA:193,0
DA:194,0
DA:195,0
DA:196,0
DA:197,0
DA:198,0
DA:199,0
DA:200,0
DA:201,0
DA:202,0
DA:203,0
DA:204,0
DA:205,0
DA:210,0
DA:211,0
DA:214,0
DA:215,0
LF:102
LH:1
end_of_record
SF:lib\src\features\entries\presentation\entries_search_screen\entries_search_filter_screen.dart
DA:6,10
DA:8,0
DA:13,0
DA:14,0
DA:17,0
DA:18,0
DA:19,0
DA:22,0
DA:31,0
DA:34,0
LF:10
LH:1
end_of_record
SF:lib\src\features\entries\presentation\entries_search_screen\entries_search_result.dart
DA:6,1
DA:10,1
DA:12,2
DA:13,2
DA:14,2
DA:15,2
DA:17,1
DA:18,1
DA:19,1
DA:20,1
DA:21,1
DA:22,1
DA:26,3
DA:30,1
DA:31,1
DA:32,1
DA:33,1
DA:37,3
DA:41,1
DA:42,1
DA:43,1
DA:44,1
DA:48,3
DA:52,1
DA:53,1
DA:54,1
DA:55,1
DA:59,3
LF:28
LH:28
end_of_record
SF:lib\src\features\entries\presentation\entry_tile\entry_tile.dart
DA:9,1
DA:13,1
DA:15,3
DA:16,1
DA:17,3
DA:18,1
DA:19,3
DA:20,1
DA:21,3
DA:22,1
DA:23,1
DA:24,2
DA:26,0
LF:13
LH:12
end_of_record
SF:lib\src\features\entries\presentation\entries_search_screen\entries_search_screen.dart
DA:9,11
DA:11,1
DA:13,1
DA:14,1
DA:16,0
DA:17,0
DA:18,1
DA:19,1
DA:21,0
DA:22,0
DA:27,1
DA:28,1
LF:12
LH:8
end_of_record
SF:lib\src\features\releaseEvents\presentation\release_event_tile\release_event_tile.dart
DA:16,1
DA:22,1
DA:24,2
DA:26,0
DA:27,0
DA:28,0
DA:30,1
DA:32,1
DA:34,1
DA:35,1
DA:36,1
DA:37,1
DA:38,1
DA:39,1
DA:40,1
DA:41,1
DA:42,1
DA:43,1
DA:46,1
DA:47,1
DA:48,2
DA:54,1
DA:55,0
DA:57,0
DA:58,0
DA:61,0
DA:63,0
DA:75,1
DA:77,1
DA:79,1
DA:81,1
DA:83,1
DA:84,1
DA:85,2
DA:86,3
DA:88,2
DA:89,1
DA:90,0
DA:91,0
DA:92,0
DA:99,0
DA:100,0
DA:101,0
DA:108,1
DA:109,2
DA:110,3
LF:46
LH:32
end_of_record
SF:lib\src\features\home\presentation\app_bar\global_app_bar.dart
DA:6,42
DA:15,6
DA:17,6
DA:18,12
DA:19,6
DA:20,6
DA:22,0
DA:23,0
DA:26,6
DA:27,6
DA:28,6
DA:30,0
DA:31,0
DA:35,6
DA:40,6
LF:15
LH:11
end_of_record
SF:lib\src\features\home\presentation\home_screen\highlighted_section.dart
DA:6,10
DA:8,3
DA:10,6
DA:12,3
LF:4
LH:4
end_of_record
SF:lib\src\features\songs\data\song_repository.dart
DA:6,4
DA:7,12
DA:12,3
DA:13,3
DA:16,1
DA:17,1
DA:20,0
DA:21,0
LF:8
LH:6
end_of_record
SF:lib\src\features\songs\presentation\songs_list\songs_section.dart
DA:10,33
DA:20,4
DA:22,4
DA:23,4
DA:24,4
DA:26,4
DA:27,0
DA:28,0
DA:29,0
DA:30,0
DA:32,0
LF:11
LH:6
end_of_record
SF:lib\src\features\home\presentation\home_screen\home_content_list.dart
DA:4,3
DA:8,3
DA:10,3
DA:11,6
DA:12,9
LF:5
LH:5
end_of_record
SF:lib\src\features\home\presentation\home_screen\home_screen.dart
DA:13,11
DA:15,3
DA:17,3
DA:22,3
DA:23,3
DA:27,3
DA:28,3
LF:7
LH:7
end_of_record
SF:lib\src\features\home\presentation\home_screen\recent_albums_section.dart
DA:6,10
DA:8,3
DA:10,6
DA:12,3
LF:4
LH:4
end_of_record
SF:lib\src\features\releaseEvents\data\constants\fake_release_events_list.dart
DA:3,12
DA:4,4
DA:12,4
DA:20,4
LF:4
LH:4
end_of_record
SF:lib\src\features\releaseEvents\presentation\release_events_list\release_events_section.dart
DA:9,4
DA:22,3
DA:24,3
DA:25,3
DA:26,3
DA:27,3
DA:28,0
DA:29,0
DA:30,0
DA:31,0
DA:33,0
LF:11
LH:6
end_of_record
SF:lib\src\features\home\presentation\home_screen\random_albums_section.dart
DA:6,10
DA:8,3
DA:10,6
DA:12,3
LF:4
LH:4
end_of_record
SF:lib\src\features\home\presentation\main_screen\main_screen.dart
DA:11,11
DA:13,2
DA:14,2
DA:20,2
DA:22,2
DA:25,2
DA:27,2
DA:30,2
DA:32,2
DA:33,2
DA:37,4
DA:38,2
DA:56,2
DA:57,1
DA:58,2
DA:59,1
LF:16
LH:16
end_of_record
SF:lib\src\features\home\presentation\menu_screen\menu_screen.dart
DA:18,11
DA:20,2
DA:22,2
DA:27,2
DA:28,2
DA:29,2
DA:30,2
DA:34,0
DA:35,0
DA:39,2
DA:40,2
DA:44,0
DA:45,0
DA:49,2
DA:50,2
DA:54,0
DA:55,0
DA:59,2
DA:60,2
DA:64,0
DA:65,0
DA:66,0
DA:70,2
DA:71,2
DA:75,0
DA:76,0
DA:80,2
DA:84,0
DA:85,0
DA:88,2
DA:92,0
DA:93,0
LF:32
LH:17
end_of_record
SF:lib\src\features\home\presentation\ranking_screen\ranking_screen.dart
DA:10,11
DA:12,2
DA:14,2
DA:15,2
DA:16,2
DA:19,2
DA:20,2
DA:22,0
DA:23,0
DA:28,2
DA:30,2
DA:39,2
DA:40,2
DA:41,2
DA:44,0
DA:46,2
DA:49,0
DA:51,2
DA:54,0
DA:56,2
DA:59,0
DA:63,2
DA:64,0
DA:65,0
LF:24
LH:16
end_of_record
SF:lib\src\features\home\presentation\menu_screen\contact_us_screen.dart
DA:7,10
DA:9,0
LF:2
LH:1
end_of_record
SF:lib\src\features\home\presentation\menu_screen\setting_screen.dart
DA:7,10
DA:9,0
DA:11,0
DA:12,0
DA:15,0
DA:16,0
DA:17,0
DA:20,0
DA:29,0
DA:32,0
LF:10
LH:1
end_of_record
SF:lib\src\features\home\presentation\ranking_screen\ranking_filter_screen.dart
DA:5,10
DA:7,0
DA:12,0
DA:13,0
DA:14,0
DA:15,0
DA:19,0
DA:23,0
DA:25,0
DA:29,0
DA:31,0
DA:35,0
DA:40,0
DA:44,0
DA:46,0
DA:50,0
DA:52,0
DA:56,0
DA:58,0
DA:62,0
LF:20
LH:1
end_of_record
SF:lib\src\features\pvs\presentation\playlist_screen\playlist_screen.dart
DA:7,11
DA:11,1
DA:13,1
DA:14,1
DA:17,1
DA:18,1
DA:19,1
DA:20,2
DA:21,1
DA:22,3
LF:10
LH:10
end_of_record
SF:lib\src\features\pvs\presentation\playlist_screen\playlist_track_tile.dart
DA:7,1
DA:19,1
DA:21,1
DA:24,1
DA:25,1
DA:26,2
DA:30,3
DA:32,1
DA:33,0
DA:34,0
DA:38,0
DA:39,1
LF:12
LH:9
end_of_record
SF:lib\src\features\releaseEvents\data\constants\fake_release_event_detail.dart
DA:7,0
DA:13,0
DA:17,0
DA:25,0
DA:26,0
LF:5
LH:0
end_of_record
SF:lib\src\features\releaseEvents\data\domain\release_event_series.dart
DA:26,0
DA:37,0
DA:47,0
DA:48,0
DA:49,0
DA:50,0
DA:51,0
DA:52,0
DA:53,0
DA:54,0
DA:55,0
DA:59,0
DA:60,0
DA:61,0
DA:62,0
DA:63,0
DA:64,0
DA:65,0
DA:66,0
DA:67,0
DA:68,0
DA:72,0
DA:73,0
DA:74,0
DA:75,0
DA:76,0
DA:77,0
DA:80,0
DA:81,0
DA:82,0
DA:83,0
DA:84,0
DA:85,0
DA:89,0
DA:90,0
DA:92,0
DA:93,0
DA:94,0
DA:95,0
DA:102,0
DA:104,0
DA:105,0
DA:107,0
DA:109,0
DA:112,0
DA:116,0
DA:117,0
DA:118,0
DA:119,0
DA:120,0
DA:121,0
DA:122,0
DA:123,0
DA:126,0
DA:128,0
DA:129,0
DA:130,0
DA:131,0
DA:132,0
DA:133,0
DA:134,0
DA:135,0
LF:62
LH:0
end_of_record
SF:lib\src\features\releaseEvents\presentation\release_event_card\release_event_card.dart
DA:7,3
DA:18,3
DA:20,3
DA:21,3
DA:22,3
DA:23,3
DA:25,3
DA:29,3
DA:30,3
DA:31,6
DA:33,3
DA:35,3
DA:37,3
DA:38,3
DA:40,3
DA:42,9
LF:16
LH:16
end_of_record
SF:lib\src\features\releaseEvents\presentation\release_event_detail_screen\release_event_detail_button_bar.dart
DA:5,10
DA:7,0
DA:9,0
DA:11,0
DA:12,0
DA:13,0
DA:14,0
DA:15,0
DA:17,0
DA:25,0
DA:26,0
DA:27,0
DA:28,0
DA:30,0
DA:38,0
DA:39,0
DA:40,0
DA:41,0
DA:43,0
LF:19
LH:1
end_of_record
SF:lib\src\features\releaseEvents\presentation\release_event_detail_screen\release_event_detail_screen.dart
DA:22,0
DA:25,0
DA:27,0
DA:29,0
DA:30,0
DA:31,0
DA:32,0
DA:35,0
DA:36,0
DA:38,0
DA:40,0
DA:42,0
DA:45,0
DA:46,0
DA:47,0
DA:51,0
DA:52,0
DA:54,0
DA:56,0
DA:57,0
DA:65,0
DA:66,0
DA:68,0
DA:71,0
DA:73,0
DA:74,0
DA:77,0
DA:79,0
DA:82,0
DA:84,0
DA:87,0
DA:89,0
DA:92,0
DA:94,0
DA:97,0
DA:100,0
DA:101,0
DA:106,0
DA:108,0
DA:109,0
DA:111,0
DA:112,0
DA:113,0
DA:122,0
DA:123,0
DA:125,0
DA:127,0
DA:128,0
DA:129,0
DA:130,0
DA:134,0
LF:51
LH:0
end_of_record
SF:lib\src\features\releaseEvents\presentation\release_event_tile\release_event_series_tile.dart
DA:10,0
DA:12,0
DA:14,0
DA:15,0
DA:17,0
LF:5
LH:0
end_of_record
SF:lib\src\utils\date_time_utils.dart
DA:6,0
DA:7,0
DA:10,0
DA:13,0
DA:16,0
LF:5
LH:0
end_of_record
SF:lib\src\features\releaseEvents\presentation\release_events_list\release_events_horizontal_list_view.dart
DA:6,3
DA:24,3
DA:26,6
DA:27,0
DA:30,3
DA:32,3
DA:33,6
DA:35,6
DA:37,3
DA:38,6
DA:39,0
DA:40,0
LF:12
LH:9
end_of_record
SF:lib\src\features\songs\data\constants\fake_rated_songs_list.dart
DA:5,0
DA:6,0
LF:2
LH:0
end_of_record
SF:lib\src\features\songs\domain\rated_song.dart
DA:7,0
DA:16,0
DA:20,0
DA:21,0
DA:22,0
DA:26,0
DA:27,0
DA:28,0
DA:29,0
DA:33,0
DA:34,0
DA:35,0
DA:36,0
DA:40,0
DA:42,0
DA:43,0
DA:45,0
DA:46,0
DA:48,0
DA:52,0
DA:55,0
DA:56,0
LF:22
LH:0
end_of_record
SF:lib\src\features\songs\data\constants\fake_song_detail.dart
DA:11,12
DA:19,4
DA:20,4
DA:22,4
DA:28,4
DA:30,4
DA:36,4
DA:38,4
DA:45,4
DA:46,4
DA:50,4
DA:57,4
DA:61,4
DA:69,4
DA:70,4
DA:77,4
DA:84,4
DA:92,4
DA:122,4
DA:146,4
LF:20
LH:20
end_of_record
SF:lib\src\features\songs\presentation\rated_songs_screen\rated_songs_filter_screen.dart
DA:8,10
DA:10,0
DA:12,0
DA:13,0
DA:16,0
DA:17,0
DA:18,0
DA:21,0
DA:28,0
DA:31,0
LF:10
LH:1
end_of_record
SF:lib\src\features\songs\presentation\rated_songs_screen\rated_songs_screen.dart
DA:10,10
DA:12,0
DA:14,0
DA:16,0
DA:17,0
DA:19,0
DA:20,0
DA:22,0
DA:23,0
DA:28,0
DA:29,0
DA:30,0
LF:12
LH:1
end_of_record
SF:lib\src\features\songs\presentation\song_detail_screen\song_detail_button_bar.dart
DA:5,10
DA:7,1
DA:9,1
DA:11,1
DA:12,1
DA:13,0
DA:14,1
DA:15,1
DA:17,1
DA:25,1
DA:26,0
DA:27,1
DA:28,1
DA:30,1
DA:38,1
DA:39,0
DA:40,1
DA:41,1
DA:43,1
DA:51,1
DA:52,0
DA:53,1
DA:54,1
DA:56,1
LF:24
LH:20
end_of_record
SF:lib\src\features\songs\presentation\song_detail_screen\song_detail_screen.dart
DA:21,1
DA:24,1
DA:26,3
DA:27,1
DA:31,1
DA:33,1
DA:34,1
DA:35,1
DA:36,1
DA:37,1
DA:38,1
DA:39,1
DA:42,1
DA:43,1
DA:44,1
DA:45,0
DA:46,0
DA:47,0
DA:51,1
DA:52,0
DA:53,0
DA:54,0
DA:56,1
DA:59,1
DA:60,1
DA:61,1
DA:62,0
DA:64,1
DA:65,1
DA:78,1
DA:79,1
DA:82,2
LF:32
LH:25
end_of_record
SF:lib\src\features\songs\presentation\song_detail_screen\song_hero_image.dart
DA:5,1
DA:9,1
DA:11,1
DA:15,1
DA:16,1
DA:17,1
DA:19,1
DA:22,1
DA:23,1
DA:28,1
DA:31,1
DA:32,1
LF:12
LH:12
end_of_record
SF:lib\src\features\songs\presentation\song_detail_screen\song_info.dart
DA:6,1
DA:10,1
DA:12,1
DA:14,1
DA:16,1
DA:17,6
DA:18,3
DA:20,3
LF:8
LH:8
end_of_record
SF:lib\src\features\tags\data\constants\fake_tag_detail.dart
DA:4,3
DA:12,1
DA:13,1
DA:14,1
DA:15,1
DA:16,1
DA:18,1
LF:7
LH:7
end_of_record
SF:lib\src\features\tags\presentation\tag_detail_screen\tag_detail_button_bar.dart
DA:5,10
DA:7,1
DA:9,1
DA:11,1
DA:12,1
DA:13,0
DA:14,1
DA:15,1
DA:17,1
DA:25,1
DA:26,0
DA:27,1
DA:28,1
DA:30,1
DA:38,1
DA:39,0
DA:40,1
DA:41,1
DA:43,1
LF:19
LH:16
end_of_record
SF:lib\src\features\tags\presentation\tag_detail_screen\tag_detail_screen.dart
DA:20,1
DA:23,1
DA:25,1
DA:27,1
DA:28,1
DA:29,1
DA:30,1
DA:33,1
DA:34,1
DA:36,0
DA:38,1
DA:40,0
DA:43,1
DA:44,3
DA:60,1
DA:61,2
DA:63,1
DA:66,1
DA:67,1
DA:69,1
DA:72,1
DA:74,1
DA:77,1
DA:78,1
DA:79,1
DA:81,1
DA:82,1
DA:83,0
DA:87,1
DA:89,1
DA:97,1
DA:101,1
DA:102,0
DA:103,1
DA:106,1
DA:107,1
DA:110,2
LF:37
LH:33
end_of_record
SF:lib\src\routing\go_router_refresh_stream.dart
DA:7,1
DA:8,1
DA:9,3
DA:10,2
DA:16,0
DA:18,0
DA:19,0
LF:7
LH:4
end_of_record
